<?xml version="1.0" encoding="utf-8"?><testsuites name="pytest tests"><testsuite name="pytest" errors="0" failures="0" skipped="0" tests="151" time="1.833" timestamp="2026-07-02T10:08:33.561830+00:00" hostname="agent-env-96877723-4860-4600-8e39-5b6addb6e607"><testcase classname="tests.test_bug_fixes_verification.TestGithubRepoParseEdgeCases" name="test_repo_ending_in_t_preserved" time="0.001" /><testcase classname="tests.test_bug_fixes_verification.TestGithubRepoParseEdgeCases" name="test_repo_ending_in_i_preserved" time="0.000" /><testcase classname="tests.test_bug_fixes_verification.TestGithubRepoParseEdgeCases" name="test_repo_ending_in_g_preserved" time="0.000" /><testcase classname="tests.test_bug_fixes_verification.TestGithubRepoParseEdgeCases" name="test_git_suffix_only_removed" time="0.000" /><testcase classname="tests.test_bug_fixes_verification.TestGithubRepoParseEdgeCases" name="test_chat_repo_not_mangled" time="0.000" /><testcase classname="tests.test_bug_fixes_verification.TestGithubRepoParseEdgeCases" name="test_non_github_returns_none" time="0.000" /><testcase classname="tests.test_bug_fixes_verification.TestGithubRepoParseEdgeCases" name="test_fetch_uses_parser" time="0.002" /><testcase classname="tests.test_bug_fixes_verification.TestWhitelistRobustnessDeep" name="test_garbage_entries_dont_crash_is_chat_allowed" time="0.000" /><testcase classname="tests.test_bug_fixes_verification.TestWhitelistRobustnessDeep" name="test_whitelist_contains_mixed" time="0.000" /><testcase classname="tests.test_bug_fixes_verification.TestWhitelistRobustnessDeep" name="test_whitelist_without_removes_all_variants" time="0.000" /><testcase classname="tests.test_bug_fixes_verification.TestBotMsgPrefixesExtended" name="test_all_new_prefixes_present" time="0.000" /><testcase classname="tests.test_bug_fixes_verification.TestBotMsgPrefixesExtended" name="test_tldr_message_matches" time="0.000" /><testcase classname="tests.test_bug_fixes_verification.TestBotMsgPrefixesExtended" name="test_search_message_matches" time="0.000" /><testcase classname="tests.test_bug_fixes_verification.TestBotMsgPrefixesExtended" name="test_image_gen_matches" time="0.000" /><testcase classname="tests.test_bug_fixes_verification.TestBotMsgPrefixesExtended" name="test_owner_normal_music_url_not_excluded" time="0.000" /><testcase classname="tests.test_bug_fixes_verification.TestLogRotation" name="test_rotating_handler_in_source" time="0.001" /><testcase classname="tests.test_bug_fixes_verification.TestDeadCodeRemoved" name="test_sc_download_and_send_absent" time="0.000" /><testcase classname="tests.test_bug_fixes_verification.TestDeadCodeRemoved" name="test_version_bumped" time="0.000" /><testcase classname="tests.test_bug_fixes_verification.TestRegressionSpotChecks" name="test_detect_music_url_only_music_youtube" time="0.000" /><testcase classname="tests.test_bug_fixes_verification.TestRegressionSpotChecks" name="test_parse_aspect_ratio_persian_story" time="0.000" /><testcase classname="tests.test_bug_fixes_verification.TestRegressionSpotChecks" name="test_is_persian_text" time="0.000" /><testcase classname="tests.test_bug_fixes_verification.TestRegressionSpotChecks" name="test_chat_id_variants" time="0.000" /><testcase classname="tests.test_music_universal.TestUrlDetection" name="test_apple_music_url" time="0.000" /><testcase classname="tests.test_music_universal.TestUrlDetection" name="test_bandcamp_url" time="0.000" /><testcase classname="tests.test_music_universal.TestUrlDetection" name="test_deezer_url" time="0.000" /><testcase classname="tests.test_music_universal.TestUrlDetection" name="test_mixcloud_url" time="0.000" /><testcase classname="tests.test_music_universal.TestUrlDetection" name="test_no_music_url" time="0.000" /><testcase classname="tests.test_music_universal.TestUrlDetection" name="test_soundcloud_url" time="0.000" /><testcase classname="tests.test_music_universal.TestUrlDetection" name="test_spotify_intl_url" time="0.000" /><testcase classname="tests.test_music_universal.TestUrlDetection" name="test_spotify_url" time="0.000" /><testcase classname="tests.test_music_universal.TestUrlDetection" name="test_tidal_url" time="0.000" /><testcase classname="tests.test_music_universal.TestUrlDetection" name="test_youtube_music_only" time="0.000" /><testcase classname="tests.test_music_universal.TestDrmMetadata" name="test_apple" time="0.003" /><testcase classname="tests.test_music_universal.TestDrmMetadata" name="test_deezer" time="0.001" /><testcase classname="tests.test_music_universal.TestDrmMetadata" name="test_network_error" time="0.001" /><testcase classname="tests.test_music_universal.TestDrmMetadata" name="test_no_metadata" time="0.001" /><testcase classname="tests.test_music_universal.TestDrmMetadata" name="test_spotify" time="0.001" /><testcase classname="tests.test_music_universal.TestAllowList" name="test_add_and_persist" time="0.001" /><testcase classname="tests.test_music_universal.TestAllowList" name="test_default_is_empty" time="0.001" /><testcase classname="tests.test_music_universal.TestAllowList" name="test_music_enabled_default" time="0.001" /><testcase classname="tests.test_music_universal.TestAutoDetectFlow" name="test_dedup_within_5min" time="0.004" /><testcase classname="tests.test_music_universal.TestAutoDetectFlow" name="test_group_not_whitelisted_skipped" time="0.002" /><testcase classname="tests.test_music_universal.TestAutoDetectFlow" name="test_group_whitelisted_allowed" time="0.002" /><testcase classname="tests.test_music_universal.TestAutoDetectFlow" name="test_music_disabled_skips" time="0.002" /><testcase classname="tests.test_music_universal.TestAutoDetectFlow" name="test_pv_always_allowed" time="0.002" /><testcase classname="tests.test_music_universal.TestI18N" name="test_help_mentions_new_commands" time="0.000" /><testcase classname="tests.test_music_universal.TestI18N" name="test_new_keys_present" time="0.000" /><testcase classname="tests.test_music_universal.TestShortlinkDetection" name="test_deezer_page_link_detected_as_drm" time="0.000" /><testcase classname="tests.test_music_universal.TestShortlinkDetection" name="test_on_soundcloud_shortlink_detected" time="0.000" /><testcase classname="tests.test_music_universal.TestShortlinkDetection" name="test_shortlink_re_matches_only_drm_shorteners" time="0.000" /><testcase classname="tests.test_music_universal.TestShortlinkDetection" name="test_spotify_link_short_detected_as_drm" time="0.000" /><testcase classname="tests.test_music_universal.TestChatIdVariants" name="test_invalid_returns_empty" time="0.000" /><testcase classname="tests.test_music_universal.TestChatIdVariants" name="test_is_chat_allowed_marked_entry_matches" time="0.000" /><testcase classname="tests.test_music_universal.TestChatIdVariants" name="test_is_chat_allowed_raw_id_matches_marked_chat" time="0.000" /><testcase classname="tests.test_music_universal.TestChatIdVariants" name="test_is_chat_allowed_rejects_other_chat" time="0.000" /><testcase classname="tests.test_music_universal.TestChatIdVariants" name="test_legacy_group_includes_positive" time="0.000" /><testcase classname="tests.test_music_universal.TestChatIdVariants" name="test_marked_supergroup_includes_raw" time="0.000" /><testcase classname="tests.test_music_universal.TestChatIdVariants" name="test_raw_positive_includes_marked" time="0.000" /><testcase classname="tests.test_music_universal.TestChatIdVariants" name="test_whitelist_contains_and_without" time="0.000" /><testcase classname="tests.test_music_universal.TestAutoDetectV191" name="test_failed_download_clears_dedup_for_retry" time="0.002" /><testcase classname="tests.test_music_universal.TestAutoDetectV191" name="test_group_raw_id_whitelist_triggers" time="0.002" /><testcase classname="tests.test_music_universal.TestAutoDetectV191" name="test_outgoing_owner_message_sender_none" time="0.002" /><testcase classname="tests.test_music_universal.TestCleanQuery" name="test_strips_official_video" time="0.000" /><testcase classname="tests.test_music_universal.TestCleanQuery" name="test_strips_single_suffix" time="0.000" /><testcase classname="tests.test_music_universal.TestCleanQuery" name="test_unescape_and_nbsp" time="0.000" /><testcase classname="tests.test_music_universal.TestPlatformLookups" name="test_apple_lookup_dead_link_returns_none" time="0.000" /><testcase classname="tests.test_music_universal.TestPlatformLookups" name="test_apple_lookup_song_path_id" time="0.000" /><testcase classname="tests.test_music_universal.TestPlatformLookups" name="test_apple_lookup_uses_i_param" time="0.000" /><testcase classname="tests.test_music_universal.TestPlatformLookups" name="test_deezer_lookup" time="0.000" /><testcase classname="tests.test_music_universal.TestPlatformLookups" name="test_fetch_drm_uses_apple_api_first" time="0.001" /><testcase classname="tests.test_music_universal.TestPlatformLookups" name="test_youtube_title_author_already_in_title" time="0.000" /><testcase classname="tests.test_music_universal.TestPlatformLookups" name="test_youtube_title_query_strips_topic" time="0.000" /><testcase classname="tests.test_music_universal.TestDownloadSyncVideoFallback" name="test_mp4_used_when_no_audio_file" time="0.002" /><testcase classname="tests.test_music_universal.TestDownloadSyncVideoFallback" name="test_part_files_ignored" time="0.002" /><testcase classname="tests.test_music_universal.TestAspectRatio" name="test_canonical_ratios" time="0.000" /><testcase classname="tests.test_music_universal.TestAspectRatio" name="test_default_in_config" time="0.000" /><testcase classname="tests.test_music_universal.TestAspectRatio" name="test_english_aliases" time="0.000" /><testcase classname="tests.test_music_universal.TestAspectRatio" name="test_extract_flag_alias" time="0.000" /><testcase classname="tests.test_music_universal.TestAspectRatio" name="test_extract_flag_ar" time="0.000" /><testcase classname="tests.test_music_universal.TestAspectRatio" name="test_extract_flag_persian_alias" time="0.000" /><testcase classname="tests.test_music_universal.TestAspectRatio" name="test_extract_flag_shorthand" time="0.000" /><testcase classname="tests.test_music_universal.TestAspectRatio" name="test_extract_no_flag" time="0.000" /><testcase classname="tests.test_music_universal.TestAspectRatio" name="test_invalid" time="0.000" /><testcase classname="tests.test_music_universal.TestAspectRatio" name="test_persian_aliases" time="0.000" /><testcase classname="tests.test_music_universal.TestAspectRatio" name="test_tolerant_separators" time="0.000" /><testcase classname="tests.test_music_universal.TestGenerateImagePassesAR" name="test_explicit_override_wins" time="0.002" /><testcase classname="tests.test_music_universal.TestGenerateImagePassesAR" name="test_uses_config_default" time="0.002" /><testcase classname="tests.test_music_universal.TestTranslateAutoDetect" name="test_is_persian_text" time="0.000" /><testcase classname="tests.test_music_universal.TestTranslateAutoDetect" name="test_resolve_target_lang_english_names" time="0.000" /><testcase classname="tests.test_music_universal.TestTranslateAutoDetect" name="test_resolve_target_lang_iso_codes" time="0.000" /><testcase classname="tests.test_music_universal.TestTranslateAutoDetect" name="test_resolve_target_lang_multiword" time="0.000" /><testcase classname="tests.test_music_universal.TestTranslateAutoDetect" name="test_resolve_target_lang_no_match" time="0.000" /><testcase classname="tests.test_music_universal.TestTranslateAutoDetect" name="test_resolve_target_lang_persian_names" time="0.000" /><testcase classname="tests.test_music_universal.TestTranslateAutoDetect" name="test_resolve_target_lang_strips_trailing_punct" time="0.000" /><testcase classname="tests.test_music_universal.TestTranslateAutoDirection" name="test_english_input_translated_to_persian" time="0.003" /><testcase classname="tests.test_music_universal.TestTranslateAutoDirection" name="test_explicit_lang_overrides_auto" time="0.003" /><testcase classname="tests.test_music_universal.TestTranslateAutoDirection" name="test_persian_input_translated_to_english" time="0.003" /><testcase classname="tests.test_music_universal.TestImageBytesDetection" name="test_gif_detected" time="0.000" /><testcase classname="tests.test_music_universal.TestImageBytesDetection" name="test_jpeg_detected" time="0.000" /><testcase classname="tests.test_music_universal.TestImageBytesDetection" name="test_png_detected" time="0.000" /><testcase classname="tests.test_music_universal.TestImageBytesDetection" name="test_unsupported_formats" time="0.000" /><testcase classname="tests.test_music_universal.TestImageBytesDetection" name="test_webp_detected" time="0.000" /><testcase classname="tests.test_music_universal.TestStyleAgedHelpers" name="test_parse_age_delta_invalid" time="0.000" /><testcase classname="tests.test_music_universal.TestStyleAgedHelpers" name="test_parse_age_delta_negative" time="0.000" /><testcase classname="tests.test_music_universal.TestStyleAgedHelpers" name="test_parse_age_delta_persian_digits" time="0.000" /><testcase classname="tests.test_music_universal.TestStyleAgedHelpers" name="test_parse_age_delta_positive" time="0.000" /><testcase classname="tests.test_music_universal.TestStyleAgedHelpers" name="test_resolve_style_case_insensitive" time="0.000" /><testcase classname="tests.test_music_universal.TestStyleAgedHelpers" name="test_resolve_style_empty" time="0.000" /><testcase classname="tests.test_music_universal.TestStyleAgedHelpers" name="test_resolve_style_english_presets" time="0.000" /><testcase classname="tests.test_music_universal.TestStyleAgedHelpers" name="test_resolve_style_freeform" time="0.000" /><testcase classname="tests.test_music_universal.TestStyleAgedHelpers" name="test_resolve_style_persian_aliases" time="0.000" /><testcase classname="tests.test_music_universal.TestSoundCloudDRMFallback" name="test_all_drm_returns_friendly_message" time="0.006" /><testcase classname="tests.test_music_universal.TestSoundCloudDRMFallback" name="test_picking_drm_track_rolls_to_next" time="0.006" /><testcase classname="tests.test_music_universal.TestSummaryFlow" name="test_all_drm_returns_friendly_message" time="0.006" /><testcase classname="tests.test_music_universal.TestSummaryFlow" name="test_classify_generic" time="0.001" /><testcase classname="tests.test_music_universal.TestSummaryFlow" name="test_classify_github" time="0.001" /><testcase classname="tests.test_music_universal.TestSummaryFlow" name="test_classify_youtube" time="0.001" /><testcase classname="tests.test_music_universal.TestSummaryFlow" name="test_extract_urls_basic" time="0.001" /><testcase classname="tests.test_music_universal.TestSummaryFlow" name="test_extract_urls_dedup_and_limit" time="0.001" /><testcase classname="tests.test_music_universal.TestSummaryFlow" name="test_extract_urls_empty" time="0.001" /><testcase classname="tests.test_music_universal.TestSummaryFlow" name="test_extract_urls_keeps_balanced_parentheses" time="0.001" /><testcase classname="tests.test_music_universal.TestSummaryFlow" name="test_fetch_chat_messages_formats_and_skips" time="0.003" /><testcase classname="tests.test_music_universal.TestSummaryFlow" name="test_picking_drm_track_rolls_to_next" time="0.006" /><testcase classname="tests.test_music_universal.TestSummaryFlow" name="test_strip_html" time="0.001" /><testcase classname="tests.test_music_universal.TestTldrFlow" name="test_budget_error" time="0.001" /><testcase classname="tests.test_music_universal.TestTldrFlow" name="test_fetch_failure_returns_error" time="0.002" /><testcase classname="tests.test_music_universal.TestTldrFlow" name="test_generic_fallback" time="0.001" /><testcase classname="tests.test_music_universal.TestTldrFlow" name="test_github_uses_repo_api" time="0.003" /><testcase classname="tests.test_music_universal.TestTldrFlow" name="test_invalid_key" time="0.001" /><testcase classname="tests.test_music_universal.TestTldrFlow" name="test_no_images_returned_is_safety" time="0.001" /><testcase classname="tests.test_music_universal.TestTldrFlow" name="test_rate_limit" time="0.001" /><testcase classname="tests.test_music_universal.TestTldrFlow" name="test_safety_block" time="0.001" /><testcase classname="tests.test_music_universal.TestTldrFlow" name="test_summarise_generic_uses_fetched_payload" time="0.003" /><testcase classname="tests.test_music_universal.TestTldrFlow" name="test_timeout" time="0.001" /><testcase classname="tests.test_music_universal.TestImageGenReturnsError" name="test_exception_returns_error" time="0.001" /><testcase classname="tests.test_music_universal.TestImageGenReturnsError" name="test_safety_filter_returns_error" time="0.001" /><testcase classname="tests.test_music_universal.TestGithubRepoParse" name="test_git_suffix_stripped" time="0.000" /><testcase classname="tests.test_music_universal.TestGithubRepoParse" name="test_non_github_returns_none" time="0.000" /><testcase classname="tests.test_music_universal.TestGithubRepoParse" name="test_query_and_www_handled" time="0.000" /><testcase classname="tests.test_music_universal.TestGithubRepoParse" name="test_repo_names_ending_in_git_chars_are_preserved" time="0.000" /><testcase classname="tests.test_music_universal.TestWhitelistRobustness" name="test_garbage_entries_do_not_crash" time="0.000" /><testcase classname="tests.test_music_universal.TestWhitelistRobustness" name="test_numeric_strings_still_match" time="0.000" /><testcase classname="tests.test_music_universal.TestBotMsgPrefixes" name="test_bot_generated_messages_are_excluded" time="0.000" /><testcase classname="tests.test_music_universal.TestBotMsgPrefixes" name="test_normal_owner_message_not_excluded" time="0.000" /><testcase classname="tests.test_soundcloud" name="test_url_regex" time="0.000" /><testcase classname="tests.test_soundcloud" name="test_fmt_duration" time="0.000" /><testcase classname="tests.test_soundcloud" name="test_search_sync" time="0.001" /><testcase classname="tests.test_soundcloud" name="test_download_sync" time="0.004" /><testcase classname="tests.test_soundcloud" name="test_arg_routing" time="0.000" /><testcase classname="tests.test_soundcloud" name="test_results_state" time="0.000" /><testcase classname="tests.test_soundcloud" name="test_i18n_keys" time="0.000" /></testsuite></testsuites>